c:\users\dan\source\repos\project_tryingsoveryhard\debug\vc142.pdb
c:\users\dan\source\repos\project_tryingsoveryhard\debug\vc142.idb
c:\users\dan\source\repos\project_tryingsoveryhard\debug\galaxy.obj
c:\users\dan\source\repos\project_tryingsoveryhard\debug\database.obj
c:\users\dan\source\repos\project_tryingsoveryhard\debug\star.obj
c:\users\dan\source\repos\project_tryingsoveryhard\debug\observed_object.obj
c:\users\dan\source\repos\project_tryingsoveryhard\debug\planet.obj
c:\users\dan\source\repos\project_tryingsoveryhard\debug\project_tryingsoveryhard.obj
c:\users\dan\source\repos\project_tryingsoveryhard\debug\telescope.obj
c:\users\dan\source\repos\project_tryingsoveryhard\debug\neutron_star.obj
c:\users\dan\source\repos\project_tryingsoveryhard\debug\cepheid.obj
c:\users\dan\source\repos\project_tryingsoveryhard\debug\gas_giant.obj
c:\users\dan\source\repos\project_tryingsoveryhard\debug\project_tryingsoveryhard.exe
c:\users\dan\source\repos\project_tryingsoveryhard\debug\project_tryingsoveryhard.ilk
c:\users\dan\source\repos\project_tryingsoveryhard\debug\project_tryingsoveryhard.pdb
c:\users\dan\source\repos\project_tryingsoveryhard\debug\project_.aa77fc2e.tlog\cl.command.1.tlog
c:\users\dan\source\repos\project_tryingsoveryhard\debug\project_.aa77fc2e.tlog\cl.read.1.tlog
c:\users\dan\source\repos\project_tryingsoveryhard\debug\project_.aa77fc2e.tlog\cl.write.1.tlog
c:\users\dan\source\repos\project_tryingsoveryhard\debug\project_.aa77fc2e.tlog\link.command.1.tlog
c:\users\dan\source\repos\project_tryingsoveryhard\debug\project_.aa77fc2e.tlog\link.read.1.tlog
c:\users\dan\source\repos\project_tryingsoveryhard\debug\project_.aa77fc2e.tlog\link.write.1.tlog
